This file contains any messages produced by compilers while
running configure, to aid debugging if configure makes a mistake.

It was created by RIblast configure 1.2.0, which was
generated by GNU Autoconf 2.69.  Invocation command line was

  $ ./configure 

## --------- ##
## Platform. ##
## --------- ##

hostname = login01.cluster.bc2.ch
uname -m = x86_64
uname -r = 3.10.0-1160.66.1.el7.x86_64
uname -s = Linux
uname -v = #1 SMP Wed May 18 16:02:34 UTC 2022

/usr/bin/uname -p = x86_64
/bin/uname -X     = unknown

/bin/arch              = x86_64
/usr/bin/arch -k       = unknown
/usr/convex/getsysinfo = unknown
/usr/bin/hostinfo      = unknown
/bin/machine           = unknown
/usr/bin/oslevel       = unknown
/bin/universe          = unknown

PATH: /scicore/home/zavolan/balajt0000/edirect
PATH: /export/soft/lua_lmod/centos7/lmod/lmod/libexec
PATH: /scicore/home/zavolan/balajt0000/.vscode-server/bin/6c3e3dba23e8fadc360aed75ce363ba185c49794/bin/remote-cli
PATH: /scicore/home/zavolan/balajt0000/edirect
PATH: /export/soft/lua_lmod/centos7/lmod/lmod/libexec
PATH: /scicore/home/zavolan/balajt0000/edirect
PATH: /scicore/home/zavolan/balajt0000/miniconda3/bin
PATH: /scicore/home/zavolan/balajt0000/miniconda3/condabin
PATH: /export/soft/lua_lmod/centos7/lmod/lmod/libexec
PATH: /usr/local/bin
PATH: /usr/bin
PATH: /usr/local/sbin
PATH: /usr/sbin
PATH: /scicore/home/zavolan/balajt0000/bin


## ----------- ##
## Core tests. ##
## ----------- ##

configure:1831: checking for a BSD-compatible install
configure:1899: result: /usr/bin/install -c
configure:1910: checking whether build environment is sane
configure:1965: result: yes
configure:2116: checking for a thread-safe mkdir -p
configure:2155: result: /usr/bin/mkdir -p
configure:2162: checking for gawk
configure:2178: found /usr/bin/gawk
configure:2189: result: gawk
configure:2200: checking whether make sets $(MAKE)
configure:2222: result: yes
configure:2251: checking whether make supports nested variables
configure:2268: result: yes
configure:2412: checking for g++
configure:2428: found /usr/bin/g++
configure:2439: result: g++
configure:2466: checking for C++ compiler version
configure:2475: g++ --version >&5
g++ (GCC) 4.8.5 20150623 (Red Hat 4.8.5-44)
Copyright (C) 2015 Free Software Foundation, Inc.
This is free software; see the source for copying conditions.  There is NO
warranty; not even for MERCHANTABILITY or FITNESS FOR A PARTICULAR PURPOSE.

configure:2486: $? = 0
configure:2475: g++ -v >&5
Using built-in specs.
COLLECT_GCC=g++
COLLECT_LTO_WRAPPER=/usr/libexec/gcc/x86_64-redhat-linux/4.8.5/lto-wrapper
Target: x86_64-redhat-linux
Configured with: ../configure --prefix=/usr --mandir=/usr/share/man --infodir=/usr/share/info --with-bugurl=http://bugzilla.redhat.com/bugzilla --enable-bootstrap --enable-shared --enable-threads=posix --enable-checking=release --with-system-zlib --enable-__cxa_atexit --disable-libunwind-exceptions --enable-gnu-unique-object --enable-linker-build-id --with-linker-hash-style=gnu --enable-languages=c,c++,objc,obj-c++,java,fortran,ada,go,lto --enable-plugin --enable-initfini-array --disable-libgcj --with-isl=/builddir/build/BUILD/gcc-4.8.5-20150702/obj-x86_64-redhat-linux/isl-install --with-cloog=/builddir/build/BUILD/gcc-4.8.5-20150702/obj-x86_64-redhat-linux/cloog-install --enable-gnu-indirect-function --with-tune=generic --with-arch_32=x86-64 --build=x86_64-redhat-linux
Thread model: posix
gcc version 4.8.5 20150623 (Red Hat 4.8.5-44) (GCC) 
configure:2486: $? = 0
configure:2475: g++ -V >&5
g++: error: unrecognized command line option '-V'
g++: fatal error: no input files
compilation terminated.
configure:2486: $? = 4
configure:2475: g++ -qversion >&5
g++: error: unrecognized command line option '-qversion'
g++: fatal error: no input files
compilation terminated.
configure:2486: $? = 4
configure:2506: checking whether the C++ compiler works
configure:2528: g++    conftest.cpp  >&5
configure:2532: $? = 0
configure:2580: result: yes
configure:2583: checking for C++ compiler default output file name
configure:2585: result: a.out
configure:2591: checking for suffix of executables
configure:2598: g++ -o conftest    conftest.cpp  >&5
configure:2602: $? = 0
configure:2624: result: 
configure:2646: checking whether we are cross compiling
configure:2654: g++ -o conftest    conftest.cpp  >&5
configure:2658: $? = 0
configure:2665: ./conftest
configure:2669: $? = 0
configure:2684: result: no
configure:2689: checking for suffix of object files
configure:2711: g++ -c   conftest.cpp >&5
configure:2715: $? = 0
configure:2736: result: o
configure:2740: checking whether we are using the GNU C++ compiler
configure:2759: g++ -c   conftest.cpp >&5
configure:2759: $? = 0
configure:2768: result: yes
configure:2777: checking whether g++ accepts -g
configure:2797: g++ -c -g  conftest.cpp >&5
configure:2797: $? = 0
configure:2838: result: yes
configure:2872: checking for style of include used by make
configure:2900: result: GNU
configure:2926: checking dependency style of g++
configure:3037: result: gcc3
configure:3203: checking that generated files are newer than configure
configure:3209: result: done
configure:3232: creating ./config.status

## ---------------------- ##
## Running config.status. ##
## ---------------------- ##

This file was extended by RIblast config.status 1.2.0, which was
generated by GNU Autoconf 2.69.  Invocation command line was

  CONFIG_FILES    = 
  CONFIG_HEADERS  = 
  CONFIG_LINKS    = 
  CONFIG_COMMANDS = 
  $ ./config.status 

on login01.cluster.bc2.ch

config.status:772: creating Makefile
config.status:944: executing depfiles commands

## ---------------- ##
## Cache variables. ##
## ---------------- ##

ac_cv_cxx_compiler_gnu=yes
ac_cv_env_CCC_set=
ac_cv_env_CCC_value=
ac_cv_env_CPPFLAGS_set=
ac_cv_env_CPPFLAGS_value=
ac_cv_env_CXXFLAGS_set=
ac_cv_env_CXXFLAGS_value=
ac_cv_env_CXX_set=
ac_cv_env_CXX_value=
ac_cv_env_LDFLAGS_set=
ac_cv_env_LDFLAGS_value=
ac_cv_env_LIBS_set=
ac_cv_env_LIBS_value=
ac_cv_env_build_alias_set=
ac_cv_env_build_alias_value=
ac_cv_env_host_alias_set=
ac_cv_env_host_alias_value=
ac_cv_env_target_alias_set=
ac_cv_env_target_alias_value=
ac_cv_objext=o
ac_cv_path_install='/usr/bin/install -c'
ac_cv_path_mkdir=/usr/bin/mkdir
ac_cv_prog_AWK=gawk
ac_cv_prog_ac_ct_CXX=g++
ac_cv_prog_cxx_g=yes
ac_cv_prog_make_make_set=yes
am_cv_CXX_dependencies_compiler_type=gcc3
am_cv_make_support_nested_variables=yes

## ----------------- ##
## Output variables. ##
## ----------------- ##

ACLOCAL='${SHELL} /scicore/home/zavolan/balajt0000/Work/RIblast/install/missing aclocal-1.13'
AMDEPBACKSLASH='\'
AMDEP_FALSE='#'
AMDEP_TRUE=''
AMTAR='$${TAR-tar}'
AM_BACKSLASH='\'
AM_DEFAULT_V='$(AM_DEFAULT_VERBOSITY)'
AM_DEFAULT_VERBOSITY='1'
AM_V='$(V)'
AUTOCONF='${SHELL} /scicore/home/zavolan/balajt0000/Work/RIblast/install/missing autoconf'
AUTOHEADER='${SHELL} /scicore/home/zavolan/balajt0000/Work/RIblast/install/missing autoheader'
AUTOMAKE='${SHELL} /scicore/home/zavolan/balajt0000/Work/RIblast/install/missing automake-1.13'
AWK='gawk'
CPPFLAGS=''
CXX='g++'
CXXDEPMODE='depmode=gcc3'
CXXFLAGS='-g -O2'
CYGPATH_W='echo'
DEFS='-DPACKAGE_NAME=\"RIblast\" -DPACKAGE_TARNAME=\"riblast\" -DPACKAGE_VERSION=\"1.2.0\" -DPACKAGE_STRING=\"RIblast\ 1.2.0\" -DPACKAGE_BUGREPORT=\"\" -DPACKAGE_URL=\"\" -DPACKAGE=\"riblast\" -DVERSION=\"1.2.0\"'
DEPDIR='.deps'
ECHO_C=''
ECHO_N='-n'
ECHO_T=''
EXEEXT=''
INSTALL_DATA='${INSTALL} -m 644'
INSTALL_PROGRAM='${INSTALL}'
INSTALL_SCRIPT='${INSTALL}'
INSTALL_STRIP_PROGRAM='$(install_sh) -c -s'
LDFLAGS=''
LIBOBJS=''
LIBS=''
LTLIBOBJS=''
MAKEINFO='${SHELL} /scicore/home/zavolan/balajt0000/Work/RIblast/install/missing makeinfo'
MKDIR_P='/usr/bin/mkdir -p'
OBJEXT='o'
PACKAGE='riblast'
PACKAGE_BUGREPORT=''
PACKAGE_NAME='RIblast'
PACKAGE_STRING='RIblast 1.2.0'
PACKAGE_TARNAME='riblast'
PACKAGE_URL=''
PACKAGE_VERSION='1.2.0'
PATH_SEPARATOR=':'
SET_MAKE=''
SHELL='/bin/sh'
STRIP=''
VERSION='1.2.0'
ac_ct_CXX='g++'
am__EXEEXT_FALSE=''
am__EXEEXT_TRUE='#'
am__fastdepCXX_FALSE='#'
am__fastdepCXX_TRUE=''
am__include='include'
am__isrc=''
am__leading_dot='.'
am__nodep='_no'
am__quote=''
am__tar='$${TAR-tar} chof - "$$tardir"'
am__untar='$${TAR-tar} xf -'
bindir='${exec_prefix}/bin'
build_alias=''
datadir='${datarootdir}'
datarootdir='${prefix}/share'
docdir='${datarootdir}/doc/${PACKAGE_TARNAME}'
dvidir='${docdir}'
exec_prefix='${prefix}'
host_alias=''
htmldir='${docdir}'
includedir='${prefix}/include'
infodir='${datarootdir}/info'
install_sh='${SHELL} /scicore/home/zavolan/balajt0000/Work/RIblast/install/install-sh'
libdir='${exec_prefix}/lib'
libexecdir='${exec_prefix}/libexec'
localedir='${datarootdir}/locale'
localstatedir='${prefix}/var'
mandir='${datarootdir}/man'
mkdir_p='$(MKDIR_P)'
oldincludedir='/usr/include'
pdfdir='${docdir}'
prefix='/usr/local'
program_transform_name='s,x,x,'
psdir='${docdir}'
sbindir='${exec_prefix}/sbin'
sharedstatedir='${prefix}/com'
sysconfdir='${prefix}/etc'
target_alias=''

## ----------- ##
## confdefs.h. ##
## ----------- ##

/* confdefs.h */
#define PACKAGE_NAME "RIblast"
#define PACKAGE_TARNAME "riblast"
#define PACKAGE_VERSION "1.2.0"
#define PACKAGE_STRING "RIblast 1.2.0"
#define PACKAGE_BUGREPORT ""
#define PACKAGE_URL ""
#define PACKAGE "riblast"
#define VERSION "1.2.0"

configure: exit 0
